<?xml version="1.0" encoding="UTF-8"?>
<testsuite xmlns:xsi="http://www.w3.org/2001/XMLSchema-instance" xsi:noNamespaceSchemaLocation="https://maven.apache.org/surefire/maven-failsafe-plugin/xsd/failsafe-test-report-3.0.xsd" version="3.0" name="ho.qat.seo.testrunners.TestRunner" time="17.44" tests="3" errors="0" skipped="0" failures="0">
  <properties>
[...]
</properties>
  <testcase name="Example #1.2" classname="Examples" time="15.701">
    <system-out><![CDATA[22:32:31.924 [ForkJoinPool-2-worker-1] DEBUG io.cucumber.core.plugin.SerenityReporter - SRP:handleTestRunStarted Thread[#27,ForkJoinPool-2-worker-1,5,main] 
22:32:32.061 [ForkJoinPool-2-worker-1] DEBUG io.cucumber.core.plugin.SerenityReporter - SRP:handleTestSourceRead Thread[#27,ForkJoinPool-2-worker-1,5,main]
22:32:32.062 [ForkJoinPool-2-worker-1] DEBUG io.cucumber.core.plugin.SerenityReporter - Running feature from classpath:features/VisaConfirmation.feature
22:32:32.078 [ForkJoinPool-2-worker-1] INFO net.thucydides.core.steps.StepEventBus - Loading JUnit Platform configuration parameters from classpath resource [junit-platform.properties].
22:32:32.105 [ForkJoinPool-2-worker-1] INFO  - 

-------------------------------------------------------------------------------------
     _______. _______ .______       _______ .__   __.  __  .___________.____    ____ 
    /       ||   ____||   _  \     |   ____||  \ |  | |  | |           |\   \  /   / 
   |   (----`|  |__   |  |_)  |    |  |__   |   \|  | |  | `---|  |----` \   \/   /  
    \   \    |   __|  |      /     |   __|  |  . `  | |  |     |  |       \_    _/   
.----)   |   |  |____ |  |\  \----.|  |____ |  |\   | |  |     |  |         |  |     
|_______/    |_______|| _| `._____||_______||__| \__| |__|     |__|         |__|    
                                                                                     
 News and tutorials at https://serenity-bdd.info                                     
 Documentation at https://serenity-bdd.github.io                                     
 Test Automation Training and Coaching: https://www.serenity-dojo.com                
 Commercial Support: https://www.serenity-dojo.com/serenity-bdd-enterprise-support   
 Join the Serenity Community on Gitter: https://gitter.im/serenity-bdd/serenity-core 
-------------------------------------------------------------------------------------

22:32:32.108 [ForkJoinPool-2-worker-1] DEBUG net.thucydides.core.steps.StepEventBus - Test suite started for story net.thucydides.model.domain.Story@62b96b
22:32:32.109 [ForkJoinPool-2-worker-1] INFO  - Test Suite Started: Visa checks
22:32:32.237 [ForkJoinPool-2-worker-2] DEBUG io.cucumber.core.plugin.SerenityReporter - SRP:handleTestCaseStarted classpath:features/VisaConfirmation.feature Thread[#33,ForkJoinPool-2-worker-2,5,main] 0ed18109-ddcf-4677-8c06-94cee66054c1 at line 16
22:32:32.239 [ForkJoinPool-2-worker-2] DEBUG net.thucydides.core.steps.session.TestSession - SRP:SessionStart: id 0ed18109-ddcf-4677-8c06-94cee66054c1
22:32:32.242 [ForkJoinPool-2-worker-2] DEBUG io.cucumber.core.plugin.SerenityReporter - Running feature from classpath:features/VisaConfirmation.feature
22:32:32.243 [ForkJoinPool-2-worker-2] DEBUG io.cucumber.core.plugin.SerenityReporter - SRP:startNewExample classpath:features/VisaConfirmation.feature Thread[#33,ForkJoinPool-2-worker-2,5,main] 0ed18109-ddcf-4677-8c06-94cee66054c1 at line 16 
22:32:32.253 [ForkJoinPool-2-worker-2] DEBUG io.cucumber.core.plugin.SerenityReporter - SRP:handleExamples Thread[#33,ForkJoinPool-2-worker-2,5,main] scenarioId Visa checks;check visa Australia & Columbian mainscenarioId Visa checks;check-visa-australia-&-columbian
22:32:32.254 [ForkJoinPool-2-worker-2] DEBUG io.cucumber.core.plugin.SerenityReporter - SRP:newScenario true
22:32:32.260 [ForkJoinPool-2-worker-2] DEBUG io.cucumber.core.plugin.ScenarioContextParallel - SRP:addHighPriorityStepEventBusEvent net.thucydides.core.steps.events.SetTestSourceEvent@1cc790ea Thread[#33,ForkJoinPool-2-worker-2,5,main] Visa checks;check-visa-australia-&-columbian
22:32:32.264 [ForkJoinPool-2-worker-2] DEBUG io.cucumber.core.plugin.SerenityReporter - SRP:startScenario classpath:features/VisaConfirmation.feature Thread[#33,ForkJoinPool-2-worker-2,5,main] 0ed18109-ddcf-4677-8c06-94cee66054c1 at line 16
22:32:32.266 [ForkJoinPool-2-worker-2] DEBUG io.cucumber.core.plugin.ScenarioContextParallel - SRP:addHighPriorityStepEventBusEvent EventBusEvent TEST_STARTED_EVENT with name check visa Australia & Columbian visa-checks;check-visa-australia-&-columbian Thread[#33,ForkJoinPool-2-worker-2,5,main] Visa checks;check-visa-australia-&-columbian
22:32:32.267 [ForkJoinPool-2-worker-2] DEBUG net.thucydides.core.steps.session.TestSession - SRP:SessionAddEvent: id 0ed18109-ddcf-4677-8c06-94cee66054c1 net.thucydides.core.steps.events.AddDescriptionToCurrentTestEvent@75eb8004
22:32:32.268 [ForkJoinPool-2-worker-2] DEBUG net.thucydides.core.steps.session.TestSession - SRP:SessionAddEvent: id 0ed18109-ddcf-4677-8c06-94cee66054c1 EventBusEvent ADD_TAGS_TO_CURRENT_TEST_EVENT [tag:UI]
22:32:32.269 [ForkJoinPool-2-worker-2] DEBUG net.thucydides.core.steps.session.TestSession - SRP:SessionAddEvent: id 0ed18109-ddcf-4677-8c06-94cee66054c1 EventBusEvent ADD_TAGS_TO_CURRENT_TEST_EVENT []
22:32:32.269 [ForkJoinPool-2-worker-2] DEBUG net.thucydides.core.steps.session.TestSession - SRP:SessionAddEvent: id 0ed18109-ddcf-4677-8c06-94cee66054c1 EventBusEvent ADD_TAGS_TO_CURRENT_TEST_EVENT []
22:32:32.271 [ForkJoinPool-2-worker-2] DEBUG io.cucumber.core.plugin.ScenarioContextParallel - SRP:addHighPriorityStepEventBusEvent net.thucydides.core.steps.events.UseExamplesFromEvent@3502813d Thread[#33,ForkJoinPool-2-worker-2,5,main] Visa checks;check-visa-australia-&-columbian
22:32:32.272 [ForkJoinPool-2-worker-2] DEBUG io.cucumber.core.plugin.ScenarioContextParallel - SRP:addHighPriorityStepEventBusEvent net.thucydides.core.steps.events.UseScenarioOutlineEvent@1aefc8c4 Thread[#33,ForkJoinPool-2-worker-2,5,main] Visa checks;check-visa-australia-&-columbian
22:32:32.272 [ForkJoinPool-2-worker-2] DEBUG net.thucydides.core.steps.session.TestSession - SRP:SessionAddEvent: id 0ed18109-ddcf-4677-8c06-94cee66054c1 net.thucydides.core.steps.events.ClearStepFailuresEvent@519dd2ad
22:32:32.272 [ForkJoinPool-2-worker-2] DEBUG net.thucydides.core.steps.session.TestSession - SRP:SessionAddEvent: id 0ed18109-ddcf-4677-8c06-94cee66054c1 EventBusEvent EXAMPLE_STARTED_EVENT {nationality=Colombia, reason=Join partner, resultText=You may need a visa} check visa Australia & Columbian
22:32:32.273 [ForkJoinPool-2-worker-2] DEBUG net.thucydides.core.steps.session.TestSession - SRP:SessionAddEvent: id 0ed18109-ddcf-4677-8c06-94cee66054c1 EventBusEvent ADD_TAGS_TO_CURRENT_TEST_EVENT []
22:32:32.273 [ForkJoinPool-2-worker-2] DEBUG net.thucydides.core.steps.session.TestSession - SRP:SessionAddEvent: id 0ed18109-ddcf-4677-8c06-94cee66054c1 net.thucydides.core.steps.events.SetBackgroundTitleEvent@14f04d00
22:32:32.274 [ForkJoinPool-2-worker-2] DEBUG net.thucydides.core.steps.session.TestSession - SRP:SessionAddEvent: id 0ed18109-ddcf-4677-8c06-94cee66054c1 net.thucydides.core.steps.events.SetBackgroundDescriptionEvent@57254eef

@UI
Scenario Outline: check visa Australia & Columbian &amp#27;[90m# features/VisaConfirmation.feature:16&amp#27;[0m
22:32:32.276 [ForkJoinPool-2-worker-1] DEBUG io.cucumber.core.plugin.SerenityReporter - SRP:handleTestCaseStarted classpath:features/VisaConfirmation.feature Thread[#27,ForkJoinPool-2-worker-1,5,main] 59284a33-8c27-40d1-9929-423cc32d9779 at line 18
22:32:32.277 [ForkJoinPool-2-worker-1] DEBUG net.thucydides.core.steps.session.TestSession - SRP:SessionStart: id 59284a33-8c27-40d1-9929-423cc32d9779
22:32:32.277 [ForkJoinPool-2-worker-1] DEBUG io.cucumber.core.plugin.SerenityReporter - Running feature from classpath:features/VisaConfirmation.feature
22:32:32.278 [ForkJoinPool-2-worker-1] DEBUG io.cucumber.core.plugin.ScenarioContextParallel - SRP:addHighPriorityStepEventBusEvent net.thucydides.core.steps.events.SetTestSourceEvent@7a6165b4 Thread[#27,ForkJoinPool-2-worker-1,5,main] Visa checks;a-chilean-coming-to-the-uk-for-work-and-plans-on-staying-for-longer-than-6-months.
22:32:32.278 [ForkJoinPool-2-worker-1] DEBUG io.cucumber.core.plugin.SerenityReporter - SRP:startScenario classpath:features/VisaConfirmation.feature Thread[#27,ForkJoinPool-2-worker-1,5,main] 59284a33-8c27-40d1-9929-423cc32d9779 at line 18
22:32:32.278 [ForkJoinPool-2-worker-1] DEBUG io.cucumber.core.plugin.ScenarioContextParallel - SRP:addHighPriorityStepEventBusEvent EventBusEvent TEST_STARTED_EVENT with name A Chilean coming to the UK for Work and plans on staying for longer than 6 months. visa-checks;a-chilean-coming-to-the-uk-for-work-and-plans-on-staying-for-longer-than-6-months. Thread[#27,ForkJoinPool-2-worker-1,5,main] Visa checks;a-chilean-coming-to-the-uk-for-work-and-plans-on-staying-for-longer-than-6-months.
22:32:32.279 [ForkJoinPool-2-worker-1] DEBUG net.thucydides.core.steps.session.TestSession - SRP:SessionAddEvent: id 59284a33-8c27-40d1-9929-423cc32d9779 net.thucydides.core.steps.events.AddDescriptionToCurrentTestEvent@4bc5bee8
22:32:32.279 [ForkJoinPool-2-worker-1] DEBUG net.thucydides.core.steps.session.TestSession - SRP:SessionAddEvent: id 59284a33-8c27-40d1-9929-423cc32d9779 EventBusEvent ADD_TAGS_TO_CURRENT_TEST_EVENT [tag:UI]
22:32:32.279 [ForkJoinPool-2-worker-1] DEBUG net.thucydides.core.steps.session.TestSession - SRP:SessionAddEvent: id 59284a33-8c27-40d1-9929-423cc32d9779 EventBusEvent ADD_TAGS_TO_CURRENT_TEST_EVENT []
22:32:32.279 [ForkJoinPool-2-worker-1] DEBUG net.thucydides.core.steps.session.TestSession - SRP:SessionAddEvent: id 59284a33-8c27-40d1-9929-423cc32d9779 EventBusEvent ADD_TAGS_TO_CURRENT_TEST_EVENT []
22:32:32.279 [ForkJoinPool-2-worker-1] DEBUG net.thucydides.core.steps.session.TestSession - SRP:SessionAddEvent: id 59284a33-8c27-40d1-9929-423cc32d9779 net.thucydides.core.steps.events.SetBackgroundTitleEvent@4203be2f
22:32:32.279 [ForkJoinPool-2-worker-1] DEBUG net.thucydides.core.steps.session.TestSession - SRP:SessionAddEvent: id 59284a33-8c27-40d1-9929-423cc32d9779 net.thucydides.core.steps.events.SetBackgroundDescriptionEvent@4eff4969

@UI
Scenario: A Chilean coming to the UK for Work and plans on staying for longer than 6 months.                                                        &amp#27;[90m# features/VisaConfirmation.feature:18&amp#27;[0m
22:32:32.280 [ForkJoinPool-2-worker-3] DEBUG io.cucumber.core.plugin.SerenityReporter - SRP:handleTestCaseStarted classpath:features/VisaConfirmation.feature Thread[#34,ForkJoinPool-2-worker-3,5,main] 58714337-3b29-4b2d-891f-23850c11b250 at line 15
22:32:32.281 [ForkJoinPool-2-worker-3] DEBUG net.thucydides.core.steps.session.TestSession - SRP:SessionStart: id 58714337-3b29-4b2d-891f-23850c11b250
22:32:32.281 [ForkJoinPool-2-worker-3] DEBUG io.cucumber.core.plugin.SerenityReporter - Running feature from classpath:features/VisaConfirmation.feature
22:32:32.281 [ForkJoinPool-2-worker-3] DEBUG net.thucydides.core.steps.session.TestSession - SRP:SessionAddEvent: id 58714337-3b29-4b2d-891f-23850c11b250 net.thucydides.core.steps.events.ClearStepFailuresEvent@b564222
22:32:32.281 [ForkJoinPool-2-worker-3] DEBUG net.thucydides.core.steps.session.TestSession - SRP:SessionAddEvent: id 58714337-3b29-4b2d-891f-23850c11b250 EventBusEvent EXAMPLE_STARTED_EVENT {nationality=Australia, reason=Tourism, resultText=You will not need a visa to come to the UK} check visa Australia & Columbian
22:32:32.281 [ForkJoinPool-2-worker-3] DEBUG net.thucydides.core.steps.session.TestSession - SRP:SessionAddEvent: id 58714337-3b29-4b2d-891f-23850c11b250 EventBusEvent ADD_TAGS_TO_CURRENT_TEST_EVENT []
22:32:32.282 [ForkJoinPool-2-worker-3] DEBUG net.thucydides.core.steps.session.TestSession - SRP:SessionAddEvent: id 58714337-3b29-4b2d-891f-23850c11b250 net.thucydides.core.steps.events.SetBackgroundTitleEvent@35e74c27
22:32:32.282 [ForkJoinPool-2-worker-3] DEBUG net.thucydides.core.steps.session.TestSession - SRP:SessionAddEvent: id 58714337-3b29-4b2d-891f-23850c11b250 net.thucydides.core.steps.events.SetBackgroundDescriptionEvent@65a7a965

@UI
Scenario Outline: check visa Australia & Columbian                     &amp#27;[90m# features/VisaConfirmation.feature:15&amp#27;[0m
22:32:32.282 [ForkJoinPool-2-worker-3] DEBUG io.cucumber.core.plugin.SerenityReporter - Running feature from classpath:features/VisaConfirmation.feature
22:32:32.283 [ForkJoinPool-2-worker-3] DEBUG io.cucumber.core.plugin.SerenityReporter - SRP:handleTestStepStarted  classpath:features/VisaConfirmation.feature Thread[#34,ForkJoinPool-2-worker-3,5,main] 58714337-3b29-4b2d-891f-23850c11b250 at line 15
22:32:32.287 [ForkJoinPool-2-worker-3] DEBUG net.thucydides.core.steps.session.TestSession - SRP:SessionAddEvent: id 58714337-3b29-4b2d-891f-23850c11b250 EventBusEvent UPDATE_EXAMPLE_LINE_NUMBER 15
22:32:32.289 [ForkJoinPool-2-worker-3] DEBUG net.thucydides.core.steps.session.TestSession - SRP:SessionAddEvent: id 58714337-3b29-4b2d-891f-23850c11b250 EventBusEvent STEP_STARTED_EVENT Given I am on the Check UK visa website Given I am on the Check UK visa website
22:32:32.289 [ForkJoinPool-2-worker-3] DEBUG net.thucydides.core.steps.session.TestSession - SRP:SessionAddEvent: id 58714337-3b29-4b2d-891f-23850c11b250 net.thucydides.core.steps.events.UpdateCurrentStepTitleEvent@2cc712a9
22:32:32.289 [ForkJoinPool-2-worker-1] DEBUG io.cucumber.core.plugin.SerenityReporter - Running feature from classpath:features/VisaConfirmation.feature
22:32:32.290 [ForkJoinPool-2-worker-1] DEBUG io.cucumber.core.plugin.SerenityReporter - SRP:handleTestStepStarted  classpath:features/VisaConfirmation.feature Thread[#27,ForkJoinPool-2-worker-1,5,main] 59284a33-8c27-40d1-9929-423cc32d9779 at line 18
22:32:32.290 [ForkJoinPool-2-worker-1] DEBUG net.thucydides.core.steps.session.TestSession - SRP:SessionAddEvent: id 59284a33-8c27-40d1-9929-423cc32d9779 EventBusEvent STEP_STARTED_EVENT Given I am on the Check UK visa website Given I am on the Check UK visa website
22:32:32.290 [ForkJoinPool-2-worker-1] DEBUG net.thucydides.core.steps.session.TestSession - SRP:SessionAddEvent: id 59284a33-8c27-40d1-9929-423cc32d9779 net.thucydides.core.steps.events.UpdateCurrentStepTitleEvent@2f075a6d
22:32:32.290 [ForkJoinPool-2-worker-2] DEBUG io.cucumber.core.plugin.SerenityReporter - Running feature from classpath:features/VisaConfirmation.feature
22:32:32.290 [ForkJoinPool-2-worker-2] DEBUG io.cucumber.core.plugin.SerenityReporter - SRP:handleTestStepStarted  classpath:features/VisaConfirmation.feature Thread[#33,ForkJoinPool-2-worker-2,5,main] 0ed18109-ddcf-4677-8c06-94cee66054c1 at line 16
22:32:32.291 [ForkJoinPool-2-worker-2] DEBUG net.thucydides.core.steps.session.TestSession - SRP:SessionAddEvent: id 0ed18109-ddcf-4677-8c06-94cee66054c1 EventBusEvent UPDATE_EXAMPLE_LINE_NUMBER 16
22:32:32.291 [ForkJoinPool-2-worker-2] DEBUG net.thucydides.core.steps.session.TestSession - SRP:SessionAddEvent: id 0ed18109-ddcf-4677-8c06-94cee66054c1 EventBusEvent STEP_STARTED_EVENT Given I am on the Check UK visa website Given I am on the Check UK visa website
22:32:32.291 [ForkJoinPool-2-worker-2] DEBUG net.thucydides.core.steps.session.TestSession - SRP:SessionAddEvent: id 0ed18109-ddcf-4677-8c06-94cee66054c1 net.thucydides.core.steps.events.UpdateCurrentStepTitleEvent@ae358d8
22:32:32.803 [ForkJoinPool-2-worker-2] INFO net.serenitybdd.core.webdriver.driverproviders.ChromeDriverProvider - Starting Chrome driver instance with capabilities:
22:32:32.803 [ForkJoinPool-2-worker-1] INFO net.serenitybdd.core.webdriver.driverproviders.ChromeDriverProvider - Starting Chrome driver instance with capabilities:
22:32:32.803 [ForkJoinPool-2-worker-3] INFO net.serenitybdd.core.webdriver.driverproviders.ChromeDriverProvider - Starting Chrome driver instance with capabilities:
22:32:32.805 [ForkJoinPool-2-worker-1] INFO net.serenitybdd.core.webdriver.driverproviders.ChromeDriverProvider - Capabilities {acceptInsecureCerts: true, browserName: chrome, goog:chromeOptions: {args: [test-type, ignore-certificate-errors, --window-size=1000,800, incognito, disable-infobars, disable-gpu, disable-default-apps, disable-popup-blocking, test-type, ignore-certificate-errors, --window-size=1000,800, incognito, disable-infobars, disable-gpu, disable-default-apps, disable-popup-blocking, remote-allow-origins=*], extensions: []}}
22:32:32.805 [ForkJoinPool-2-worker-2] INFO net.serenitybdd.core.webdriver.driverproviders.ChromeDriverProvider - Capabilities {acceptInsecureCerts: true, browserName: chrome, goog:chromeOptions: {args: [test-type, ignore-certificate-errors, --window-size=1000,800, incognito, disable-infobars, disable-gpu, disable-default-apps, disable-popup-blocking, test-type, ignore-certificate-errors, --window-size=1000,800, incognito, disable-infobars, disable-gpu, disable-default-apps, disable-popup-blocking, remote-allow-origins=*], extensions: []}}
22:32:32.805 [ForkJoinPool-2-worker-3] INFO net.serenitybdd.core.webdriver.driverproviders.ChromeDriverProvider - Capabilities {acceptInsecureCerts: true, browserName: chrome, goog:chromeOptions: {args: [test-type, ignore-certificate-errors, --window-size=1000,800, incognito, disable-infobars, disable-gpu, disable-default-apps, disable-popup-blocking, test-type, ignore-certificate-errors, --window-size=1000,800, incognito, disable-infobars, disable-gpu, disable-default-apps, disable-popup-blocking, remote-allow-origins=*], extensions: []}}
22:32:45.619 [ForkJoinPool-2-worker-3] DEBUG io.cucumber.core.plugin.SerenityReporter - SRP:handleTestStepFinished  classpath:features/VisaConfirmation.feature Thread[#34,ForkJoinPool-2-worker-3,5,main] 58714337-3b29-4b2d-891f-23850c11b250 at line 15
22:32:45.619 [ForkJoinPool-2-worker-3] DEBUG io.cucumber.core.plugin.SerenityReporter - Running feature from classpath:features/VisaConfirmation.feature
22:32:45.689 [ForkJoinPool-2-worker-3] DEBUG net.thucydides.core.steps.session.TestSession - SRP:SessionAddEvent: id 58714337-3b29-4b2d-891f-23850c11b250 net.serenitybdd.cucumber.events.StepFinishedWithResultEvent@451f1795
  &amp#27;[32mGiven &amp#27;[0m&amp#27;[32mI am on the Check UK visa website&amp#27;[0m                              &amp#27;[90m# ho.qat.seo.stepDefinitions.VisaConfirmationSteps.i_am_on_the_Check_UK_visa_website()&amp#27;[0m
22:32:45.691 [ForkJoinPool-2-worker-1] DEBUG io.cucumber.core.plugin.SerenityReporter - SRP:handleTestStepFinished  classpath:features/VisaConfirmation.feature Thread[#27,ForkJoinPool-2-worker-1,5,main] 59284a33-8c27-40d1-9929-423cc32d9779 at line 18
22:32:45.691 [ForkJoinPool-2-worker-1] DEBUG io.cucumber.core.plugin.SerenityReporter - Running feature from classpath:features/VisaConfirmation.feature
22:32:45.693 [ForkJoinPool-2-worker-1] DEBUG net.thucydides.core.steps.session.TestSession - SRP:SessionAddEvent: id 59284a33-8c27-40d1-9929-423cc32d9779 net.serenitybdd.cucumber.events.StepFinishedWithResultEvent@3e2ba807
  &amp#27;[32mGiven &amp#27;[0m&amp#27;[32mI am on the Check UK visa website&amp#27;[0m                                                                                                           &amp#27;[90m# ho.qat.seo.stepDefinitions.VisaConfirmationSteps.i_am_on_the_Check_UK_visa_website()&amp#27;[0m
22:32:45.693 [ForkJoinPool-2-worker-2] DEBUG io.cucumber.core.plugin.SerenityReporter - SRP:handleTestStepFinished  classpath:features/VisaConfirmation.feature Thread[#33,ForkJoinPool-2-worker-2,5,main] 0ed18109-ddcf-4677-8c06-94cee66054c1 at line 16
22:32:45.693 [ForkJoinPool-2-worker-2] DEBUG io.cucumber.core.plugin.SerenityReporter - Running feature from classpath:features/VisaConfirmation.feature
22:32:45.695 [ForkJoinPool-2-worker-2] DEBUG net.thucydides.core.steps.session.TestSession - SRP:SessionAddEvent: id 0ed18109-ddcf-4677-8c06-94cee66054c1 net.serenitybdd.cucumber.events.StepFinishedWithResultEvent@6dbe3eb4
  &amp#27;[32mGiven &amp#27;[0m&amp#27;[32mI am on the Check UK visa website&amp#27;[0m          &amp#27;[90m# ho.qat.seo.stepDefinitions.VisaConfirmationSteps.i_am_on_the_Check_UK_visa_website()&amp#27;[0m
22:32:45.696 [ForkJoinPool-2-worker-2] DEBUG io.cucumber.core.plugin.SerenityReporter - Running feature from classpath:features/VisaConfirmation.feature
22:32:45.696 [ForkJoinPool-2-worker-2] DEBUG io.cucumber.core.plugin.SerenityReporter - SRP:handleTestStepStarted  classpath:features/VisaConfirmation.feature Thread[#33,ForkJoinPool-2-worker-2,5,main] 0ed18109-ddcf-4677-8c06-94cee66054c1 at line 16
22:32:45.696 [ForkJoinPool-2-worker-2] DEBUG net.thucydides.core.steps.session.TestSession - SRP:SessionAddEvent: id 0ed18109-ddcf-4677-8c06-94cee66054c1 EventBusEvent UPDATE_EXAMPLE_LINE_NUMBER 16
22:32:45.697 [ForkJoinPool-2-worker-2] DEBUG net.thucydides.core.steps.session.TestSession - SRP:SessionAddEvent: id 0ed18109-ddcf-4677-8c06-94cee66054c1 EventBusEvent STEP_STARTED_EVENT And I start visa check And I start visa check
22:32:45.697 [ForkJoinPool-2-worker-2] DEBUG net.thucydides.core.steps.session.TestSession - SRP:SessionAddEvent: id 0ed18109-ddcf-4677-8c06-94cee66054c1 net.thucydides.core.steps.events.UpdateCurrentStepTitleEvent@1f86a4d4
22:32:45.698 [ForkJoinPool-2-worker-1] DEBUG io.cucumber.core.plugin.SerenityReporter - Running feature from classpath:features/VisaConfirmation.feature
22:32:45.698 [ForkJoinPool-2-worker-1] DEBUG io.cucumber.core.plugin.SerenityReporter - SRP:handleTestStepStarted  classpath:features/VisaConfirmation.feature Thread[#27,ForkJoinPool-2-worker-1,5,main] 59284a33-8c27-40d1-9929-423cc32d9779 at line 18
22:32:45.698 [ForkJoinPool-2-worker-1] DEBUG net.thucydides.core.steps.session.TestSession - SRP:SessionAddEvent: id 59284a33-8c27-40d1-9929-423cc32d9779 EventBusEvent STEP_STARTED_EVENT And I start visa check And I start visa check
22:32:45.698 [ForkJoinPool-2-worker-1] DEBUG net.thucydides.core.steps.session.TestSession - SRP:SessionAddEvent: id 59284a33-8c27-40d1-9929-423cc32d9779 net.thucydides.core.steps.events.UpdateCurrentStepTitleEvent@229119a4
22:32:45.699 [ForkJoinPool-2-worker-3] DEBUG io.cucumber.core.plugin.SerenityReporter - Running feature from classpath:features/VisaConfirmation.feature
22:32:45.699 [ForkJoinPool-2-worker-3] DEBUG io.cucumber.core.plugin.SerenityReporter - SRP:handleTestStepStarted  classpath:features/VisaConfirmation.feature Thread[#34,ForkJoinPool-2-worker-3,5,main] 58714337-3b29-4b2d-891f-23850c11b250 at line 15
22:32:45.700 [ForkJoinPool-2-worker-3] DEBUG net.thucydides.core.steps.session.TestSession - SRP:SessionAddEvent: id 58714337-3b29-4b2d-891f-23850c11b250 EventBusEvent UPDATE_EXAMPLE_LINE_NUMBER 15
22:32:45.700 [ForkJoinPool-2-worker-3] DEBUG net.thucydides.core.steps.session.TestSession - SRP:SessionAddEvent: id 58714337-3b29-4b2d-891f-23850c11b250 EventBusEvent STEP_STARTED_EVENT And I start visa check And I start visa check
22:32:45.700 [ForkJoinPool-2-worker-3] DEBUG net.thucydides.core.steps.session.TestSession - SRP:SessionAddEvent: id 58714337-3b29-4b2d-891f-23850c11b250 net.thucydides.core.steps.events.UpdateCurrentStepTitleEvent@6222af3c
22:32:46.231 [ForkJoinPool-2-worker-1] DEBUG io.cucumber.core.plugin.SerenityReporter - SRP:handleTestStepFinished  classpath:features/VisaConfirmation.feature Thread[#27,ForkJoinPool-2-worker-1,5,main] 59284a33-8c27-40d1-9929-423cc32d9779 at line 18
22:32:46.231 [ForkJoinPool-2-worker-1] DEBUG io.cucumber.core.plugin.SerenityReporter - Running feature from classpath:features/VisaConfirmation.feature
22:32:46.233 [ForkJoinPool-2-worker-1] DEBUG net.thucydides.core.steps.session.TestSession - SRP:SessionAddEvent: id 59284a33-8c27-40d1-9929-423cc32d9779 net.serenitybdd.cucumber.events.StepFinishedWithResultEvent@51802f5d
  &amp#27;[32mAnd &amp#27;[0m&amp#27;[32mI start visa check&amp#27;[0m                                                                                                                            &amp#27;[90m# ho.qat.seo.stepDefinitions.VisaConfirmationSteps.i_start_visa_check()&amp#27;[0m
22:32:46.234 [ForkJoinPool-2-worker-1] DEBUG io.cucumber.core.plugin.SerenityReporter - Running feature from classpath:features/VisaConfirmation.feature
22:32:46.234 [ForkJoinPool-2-worker-1] DEBUG io.cucumber.core.plugin.SerenityReporter - SRP:handleTestStepStarted  classpath:features/VisaConfirmation.feature Thread[#27,ForkJoinPool-2-worker-1,5,main] 59284a33-8c27-40d1-9929-423cc32d9779 at line 18
22:32:46.235 [ForkJoinPool-2-worker-1] DEBUG net.thucydides.core.steps.session.TestSession - SRP:SessionAddEvent: id 59284a33-8c27-40d1-9929-423cc32d9779 EventBusEvent STEP_STARTED_EVENT When I select a nationality of 'Chile' When I select a nationality of 'Chile'
22:32:46.235 [ForkJoinPool-2-worker-1] DEBUG net.thucydides.core.steps.session.TestSession - SRP:SessionAddEvent: id 59284a33-8c27-40d1-9929-423cc32d9779 net.thucydides.core.steps.events.UpdateCurrentStepTitleEvent@58c68086
22:32:46.266 [ForkJoinPool-2-worker-2] DEBUG io.cucumber.core.plugin.SerenityReporter - SRP:handleTestStepFinished  classpath:features/VisaConfirmation.feature Thread[#33,ForkJoinPool-2-worker-2,5,main] 0ed18109-ddcf-4677-8c06-94cee66054c1 at line 16
22:32:46.266 [ForkJoinPool-2-worker-2] DEBUG io.cucumber.core.plugin.SerenityReporter - Running feature from classpath:features/VisaConfirmation.feature
22:32:46.268 [ForkJoinPool-2-worker-2] DEBUG net.thucydides.core.steps.session.TestSession - SRP:SessionAddEvent: id 0ed18109-ddcf-4677-8c06-94cee66054c1 net.serenitybdd.cucumber.events.StepFinishedWithResultEvent@72b15ec2
  &amp#27;[32mAnd &amp#27;[0m&amp#27;[32mI start visa check&amp#27;[0m                           &amp#27;[90m# ho.qat.seo.stepDefinitions.VisaConfirmationSteps.i_start_visa_check()&amp#27;[0m
22:32:46.269 [ForkJoinPool-2-worker-2] DEBUG io.cucumber.core.plugin.SerenityReporter - Running feature from classpath:features/VisaConfirmation.feature
22:32:46.269 [ForkJoinPool-2-worker-2] DEBUG io.cucumber.core.plugin.SerenityReporter - SRP:handleTestStepStarted  classpath:features/VisaConfirmation.feature Thread[#33,ForkJoinPool-2-worker-2,5,main] 0ed18109-ddcf-4677-8c06-94cee66054c1 at line 16
22:32:46.270 [ForkJoinPool-2-worker-2] DEBUG net.thucydides.core.steps.session.TestSession - SRP:SessionAddEvent: id 0ed18109-ddcf-4677-8c06-94cee66054c1 EventBusEvent UPDATE_EXAMPLE_LINE_NUMBER 16
22:32:46.270 [ForkJoinPool-2-worker-2] DEBUG net.thucydides.core.steps.session.TestSession - SRP:SessionAddEvent: id 0ed18109-ddcf-4677-8c06-94cee66054c1 EventBusEvent STEP_STARTED_EVENT When I select a nationality of "Colombia" When I select a nationality of "Colombia"
22:32:46.270 [ForkJoinPool-2-worker-2] DEBUG net.thucydides.core.steps.session.TestSession - SRP:SessionAddEvent: id 0ed18109-ddcf-4677-8c06-94cee66054c1 net.thucydides.core.steps.events.UpdateCurrentStepTitleEvent@73a5cbb8
22:32:46.286 [ForkJoinPool-2-worker-3] DEBUG io.cucumber.core.plugin.SerenityReporter - SRP:handleTestStepFinished  classpath:features/VisaConfirmation.feature Thread[#34,ForkJoinPool-2-worker-3,5,main] 58714337-3b29-4b2d-891f-23850c11b250 at line 15
22:32:46.286 [ForkJoinPool-2-worker-3] DEBUG io.cucumber.core.plugin.SerenityReporter - Running feature from classpath:features/VisaConfirmation.feature
22:32:46.287 [ForkJoinPool-2-worker-3] DEBUG net.thucydides.core.steps.session.TestSession - SRP:SessionAddEvent: id 58714337-3b29-4b2d-891f-23850c11b250 net.serenitybdd.cucumber.events.StepFinishedWithResultEvent@4197dbd1
  &amp#27;[32mAnd &amp#27;[0m&amp#27;[32mI start visa check&amp#27;[0m                                               &amp#27;[90m# ho.qat.seo.stepDefinitions.VisaConfirmationSteps.i_start_visa_check()&amp#27;[0m
22:32:46.288 [ForkJoinPool-2-worker-3] DEBUG io.cucumber.core.plugin.SerenityReporter - Running feature from classpath:features/VisaConfirmation.feature
22:32:46.288 [ForkJoinPool-2-worker-3] DEBUG io.cucumber.core.plugin.SerenityReporter - SRP:handleTestStepStarted  classpath:features/VisaConfirmation.feature Thread[#34,ForkJoinPool-2-worker-3,5,main] 58714337-3b29-4b2d-891f-23850c11b250 at line 15
22:32:46.289 [ForkJoinPool-2-worker-3] DEBUG net.thucydides.core.steps.session.TestSession - SRP:SessionAddEvent: id 58714337-3b29-4b2d-891f-23850c11b250 EventBusEvent UPDATE_EXAMPLE_LINE_NUMBER 15
22:32:46.289 [ForkJoinPool-2-worker-3] DEBUG net.thucydides.core.steps.session.TestSession - SRP:SessionAddEvent: id 58714337-3b29-4b2d-891f-23850c11b250 EventBusEvent STEP_STARTED_EVENT When I select a nationality of "Australia" When I select a nationality of "Australia"
22:32:46.289 [ForkJoinPool-2-worker-3] DEBUG net.thucydides.core.steps.session.TestSession - SRP:SessionAddEvent: id 58714337-3b29-4b2d-891f-23850c11b250 net.thucydides.core.steps.events.UpdateCurrentStepTitleEvent@cc5ae9c
22:32:46.853 [ForkJoinPool-2-worker-1] DEBUG io.cucumber.core.plugin.SerenityReporter - SRP:handleTestStepFinished  classpath:features/VisaConfirmation.feature Thread[#27,ForkJoinPool-2-worker-1,5,main] 59284a33-8c27-40d1-9929-423cc32d9779 at line 18
22:32:46.854 [ForkJoinPool-2-worker-1] DEBUG io.cucumber.core.plugin.SerenityReporter - Running feature from classpath:features/VisaConfirmation.feature
22:32:46.856 [ForkJoinPool-2-worker-1] DEBUG net.thucydides.core.steps.session.TestSession - SRP:SessionAddEvent: id 59284a33-8c27-40d1-9929-423cc32d9779 net.serenitybdd.cucumber.events.StepFinishedWithResultEvent@7a3dfc70
  &amp#27;[32mWhen &amp#27;[0m&amp#27;[32mI select a nationality of &amp#27;[0m&amp#27;[32m&amp#27;[1m'Chile'&amp#27;[0m                                                                                                            &amp#27;[90m# ho.qat.seo.stepDefinitions.VisaConfirmationSteps.iSelectANationalityOfAustralia(java.lang.String)&amp#27;[0m
22:32:46.857 [ForkJoinPool-2-worker-1] DEBUG io.cucumber.core.plugin.SerenityReporter - Running feature from classpath:features/VisaConfirmation.feature
22:32:46.857 [ForkJoinPool-2-worker-1] DEBUG io.cucumber.core.plugin.SerenityReporter - SRP:handleTestStepStarted  classpath:features/VisaConfirmation.feature Thread[#27,ForkJoinPool-2-worker-1,5,main] 59284a33-8c27-40d1-9929-423cc32d9779 at line 18
22:32:46.858 [ForkJoinPool-2-worker-1] DEBUG net.thucydides.core.steps.session.TestSession - SRP:SessionAddEvent: id 59284a33-8c27-40d1-9929-423cc32d9779 EventBusEvent STEP_STARTED_EVENT And I select reason 'Work, academic' And I select reason 'Work, academic'
22:32:46.858 [ForkJoinPool-2-worker-1] DEBUG net.thucydides.core.steps.session.TestSession - SRP:SessionAddEvent: id 59284a33-8c27-40d1-9929-423cc32d9779 net.thucydides.core.steps.events.UpdateCurrentStepTitleEvent@1d824d3e
22:32:46.880 [ForkJoinPool-2-worker-3] DEBUG io.cucumber.core.plugin.SerenityReporter - SRP:handleTestStepFinished  classpath:features/VisaConfirmation.feature Thread[#34,ForkJoinPool-2-worker-3,5,main] 58714337-3b29-4b2d-891f-23850c11b250 at line 15
22:32:46.880 [ForkJoinPool-2-worker-3] DEBUG io.cucumber.core.plugin.SerenityReporter - Running feature from classpath:features/VisaConfirmation.feature
22:32:46.882 [ForkJoinPool-2-worker-3] DEBUG net.thucydides.core.steps.session.TestSession - SRP:SessionAddEvent: id 58714337-3b29-4b2d-891f-23850c11b250 net.serenitybdd.cucumber.events.StepFinishedWithResultEvent@60eea879
  &amp#27;[32mWhen &amp#27;[0m&amp#27;[32mI select a nationality of &amp#27;[0m&amp#27;[32m&amp#27;[1m"Australia"&amp#27;[0m                           &amp#27;[90m# ho.qat.seo.stepDefinitions.VisaConfirmationSteps.iSelectANationalityOfAustralia(java.lang.String)&amp#27;[0m
22:32:46.883 [ForkJoinPool-2-worker-3] DEBUG io.cucumber.core.plugin.SerenityReporter - Running feature from classpath:features/VisaConfirmation.feature
22:32:46.883 [ForkJoinPool-2-worker-3] DEBUG io.cucumber.core.plugin.SerenityReporter - SRP:handleTestStepStarted  classpath:features/VisaConfirmation.feature Thread[#34,ForkJoinPool-2-worker-3,5,main] 58714337-3b29-4b2d-891f-23850c11b250 at line 15
22:32:46.883 [ForkJoinPool-2-worker-3] DEBUG net.thucydides.core.steps.session.TestSession - SRP:SessionAddEvent: id 58714337-3b29-4b2d-891f-23850c11b250 EventBusEvent UPDATE_EXAMPLE_LINE_NUMBER 15
22:32:46.884 [ForkJoinPool-2-worker-3] DEBUG net.thucydides.core.steps.session.TestSession - SRP:SessionAddEvent: id 58714337-3b29-4b2d-891f-23850c11b250 EventBusEvent STEP_STARTED_EVENT And I select reason "Tourism" And I select reason "Tourism"
22:32:46.884 [ForkJoinPool-2-worker-3] DEBUG net.thucydides.core.steps.session.TestSession - SRP:SessionAddEvent: id 58714337-3b29-4b2d-891f-23850c11b250 net.thucydides.core.steps.events.UpdateCurrentStepTitleEvent@742483cf
22:32:46.885 [ForkJoinPool-2-worker-2] DEBUG io.cucumber.core.plugin.SerenityReporter - SRP:handleTestStepFinished  classpath:features/VisaConfirmation.feature Thread[#33,ForkJoinPool-2-worker-2,5,main] 0ed18109-ddcf-4677-8c06-94cee66054c1 at line 16
22:32:46.885 [ForkJoinPool-2-worker-2] DEBUG io.cucumber.core.plugin.SerenityReporter - Running feature from classpath:features/VisaConfirmation.feature
22:32:46.887 [ForkJoinPool-2-worker-2] DEBUG net.thucydides.core.steps.session.TestSession - SRP:SessionAddEvent: id 0ed18109-ddcf-4677-8c06-94cee66054c1 net.serenitybdd.cucumber.events.StepFinishedWithResultEvent@38468a3f
  &amp#27;[32mWhen &amp#27;[0m&amp#27;[32mI select a nationality of &amp#27;[0m&amp#27;[32m&amp#27;[1m"Colombia"&amp#27;[0m        &amp#27;[90m# ho.qat.seo.stepDefinitions.VisaConfirmationSteps.iSelectANationalityOfAustralia(java.lang.String)&amp#27;[0m
22:32:46.888 [ForkJoinPool-2-worker-2] DEBUG io.cucumber.core.plugin.SerenityReporter - Running feature from classpath:features/VisaConfirmation.feature
22:32:46.888 [ForkJoinPool-2-worker-2] DEBUG io.cucumber.core.plugin.SerenityReporter - SRP:handleTestStepStarted  classpath:features/VisaConfirmation.feature Thread[#33,ForkJoinPool-2-worker-2,5,main] 0ed18109-ddcf-4677-8c06-94cee66054c1 at line 16
22:32:46.888 [ForkJoinPool-2-worker-2] DEBUG net.thucydides.core.steps.session.TestSession - SRP:SessionAddEvent: id 0ed18109-ddcf-4677-8c06-94cee66054c1 EventBusEvent UPDATE_EXAMPLE_LINE_NUMBER 16
22:32:46.888 [ForkJoinPool-2-worker-2] DEBUG net.thucydides.core.steps.session.TestSession - SRP:SessionAddEvent: id 0ed18109-ddcf-4677-8c06-94cee66054c1 EventBusEvent STEP_STARTED_EVENT And I select reason "Join partner" And I select reason "Join partner"
22:32:46.888 [ForkJoinPool-2-worker-2] DEBUG net.thucydides.core.steps.session.TestSession - SRP:SessionAddEvent: id 0ed18109-ddcf-4677-8c06-94cee66054c1 net.thucydides.core.steps.events.UpdateCurrentStepTitleEvent@3adcbe63
22:32:47.525 [ForkJoinPool-2-worker-1] DEBUG io.cucumber.core.plugin.SerenityReporter - SRP:handleTestStepFinished  classpath:features/VisaConfirmation.feature Thread[#27,ForkJoinPool-2-worker-1,5,main] 59284a33-8c27-40d1-9929-423cc32d9779 at line 18
22:32:47.526 [ForkJoinPool-2-worker-1] DEBUG io.cucumber.core.plugin.SerenityReporter - Running feature from classpath:features/VisaConfirmation.feature
22:32:47.527 [ForkJoinPool-2-worker-1] DEBUG net.thucydides.core.steps.session.TestSession - SRP:SessionAddEvent: id 59284a33-8c27-40d1-9929-423cc32d9779 net.serenitybdd.cucumber.events.StepFinishedWithResultEvent@497b9728
  &amp#27;[32mAnd &amp#27;[0m&amp#27;[32mI select reason &amp#27;[0m&amp#27;[32m&amp#27;[1m'Work, academic'&amp#27;[0m                                                                                                              &amp#27;[90m# ho.qat.seo.stepDefinitions.VisaConfirmationSteps.iSelectReasonTourism(java.lang.String)&amp#27;[0m
22:32:47.528 [ForkJoinPool-2-worker-1] DEBUG io.cucumber.core.plugin.SerenityReporter - Running feature from classpath:features/VisaConfirmation.feature
22:32:47.528 [ForkJoinPool-2-worker-1] DEBUG io.cucumber.core.plugin.SerenityReporter - SRP:handleTestStepStarted  classpath:features/VisaConfirmation.feature Thread[#27,ForkJoinPool-2-worker-1,5,main] 59284a33-8c27-40d1-9929-423cc32d9779 at line 18
22:32:47.528 [ForkJoinPool-2-worker-1] DEBUG net.thucydides.core.steps.session.TestSession - SRP:SessionAddEvent: id 59284a33-8c27-40d1-9929-423cc32d9779 EventBusEvent STEP_STARTED_EVENT And I state I am intending to stay for 'less' than 6 months And I state I am intending to stay for 'less' than 6 months
22:32:47.528 [ForkJoinPool-2-worker-1] DEBUG net.thucydides.core.steps.session.TestSession - SRP:SessionAddEvent: id 59284a33-8c27-40d1-9929-423cc32d9779 net.thucydides.core.steps.events.UpdateCurrentStepTitleEvent@26b729c7
22:32:47.535 [ForkJoinPool-2-worker-2] DEBUG io.cucumber.core.plugin.SerenityReporter - SRP:handleTestStepFinished  classpath:features/VisaConfirmation.feature Thread[#33,ForkJoinPool-2-worker-2,5,main] 0ed18109-ddcf-4677-8c06-94cee66054c1 at line 16
22:32:47.535 [ForkJoinPool-2-worker-2] DEBUG io.cucumber.core.plugin.SerenityReporter - Running feature from classpath:features/VisaConfirmation.feature
22:32:47.536 [ForkJoinPool-2-worker-2] DEBUG net.thucydides.core.steps.session.TestSession - SRP:SessionAddEvent: id 0ed18109-ddcf-4677-8c06-94cee66054c1 net.serenitybdd.cucumber.events.StepFinishedWithResultEvent@2ad89b46
  &amp#27;[32mAnd &amp#27;[0m&amp#27;[32mI select reason &amp#27;[0m&amp#27;[32m&amp#27;[1m"Join partner"&amp#27;[0m               &amp#27;[90m# ho.qat.seo.stepDefinitions.VisaConfirmationSteps.iSelectReasonTourism(java.lang.String)&amp#27;[0m
22:32:47.537 [ForkJoinPool-2-worker-2] DEBUG io.cucumber.core.plugin.SerenityReporter - Running feature from classpath:features/VisaConfirmation.feature
22:32:47.537 [ForkJoinPool-2-worker-2] DEBUG io.cucumber.core.plugin.SerenityReporter - SRP:handleTestStepStarted  classpath:features/VisaConfirmation.feature Thread[#33,ForkJoinPool-2-worker-2,5,main] 0ed18109-ddcf-4677-8c06-94cee66054c1 at line 16
22:32:47.537 [ForkJoinPool-2-worker-2] DEBUG net.thucydides.core.steps.session.TestSession - SRP:SessionAddEvent: id 0ed18109-ddcf-4677-8c06-94cee66054c1 EventBusEvent UPDATE_EXAMPLE_LINE_NUMBER 16
22:32:47.538 [ForkJoinPool-2-worker-2] DEBUG net.thucydides.core.steps.session.TestSession - SRP:SessionAddEvent: id 0ed18109-ddcf-4677-8c06-94cee66054c1 EventBusEvent STEP_STARTED_EVENT Then I will be informed "You may need a visa" Then I will be informed "You may need a visa"
22:32:47.538 [ForkJoinPool-2-worker-2] DEBUG net.thucydides.core.steps.session.TestSession - SRP:SessionAddEvent: id 0ed18109-ddcf-4677-8c06-94cee66054c1 net.thucydides.core.steps.events.UpdateCurrentStepTitleEvent@71cfafb7
22:32:47.640 [ForkJoinPool-2-worker-3] DEBUG io.cucumber.core.plugin.SerenityReporter - SRP:handleTestStepFinished  classpath:features/VisaConfirmation.feature Thread[#34,ForkJoinPool-2-worker-3,5,main] 58714337-3b29-4b2d-891f-23850c11b250 at line 15
22:32:47.640 [ForkJoinPool-2-worker-3] DEBUG io.cucumber.core.plugin.SerenityReporter - Running feature from classpath:features/VisaConfirmation.feature
22:32:47.641 [ForkJoinPool-2-worker-3] DEBUG net.thucydides.core.steps.session.TestSession - SRP:SessionAddEvent: id 58714337-3b29-4b2d-891f-23850c11b250 net.serenitybdd.cucumber.events.StepFinishedWithResultEvent@c825e85
  &amp#27;[32mAnd &amp#27;[0m&amp#27;[32mI select reason &amp#27;[0m&amp#27;[32m&amp#27;[1m"Tourism"&amp#27;[0m                                        &amp#27;[90m# ho.qat.seo.stepDefinitions.VisaConfirmationSteps.iSelectReasonTourism(java.lang.String)&amp#27;[0m
22:32:47.641 [ForkJoinPool-2-worker-3] DEBUG io.cucumber.core.plugin.SerenityReporter - Running feature from classpath:features/VisaConfirmation.feature
22:32:47.642 [ForkJoinPool-2-worker-3] DEBUG io.cucumber.core.plugin.SerenityReporter - SRP:handleTestStepStarted  classpath:features/VisaConfirmation.feature Thread[#34,ForkJoinPool-2-worker-3,5,main] 58714337-3b29-4b2d-891f-23850c11b250 at line 15
22:32:47.642 [ForkJoinPool-2-worker-3] DEBUG net.thucydides.core.steps.session.TestSession - SRP:SessionAddEvent: id 58714337-3b29-4b2d-891f-23850c11b250 EventBusEvent UPDATE_EXAMPLE_LINE_NUMBER 15
22:32:47.642 [ForkJoinPool-2-worker-3] DEBUG net.thucydides.core.steps.session.TestSession - SRP:SessionAddEvent: id 58714337-3b29-4b2d-891f-23850c11b250 EventBusEvent STEP_STARTED_EVENT Then I will be informed "You will not need a visa to come to the UK" Then I will be informed "You will not need a visa to come to the UK"
22:32:47.642 [ForkJoinPool-2-worker-3] DEBUG net.thucydides.core.steps.session.TestSession - SRP:SessionAddEvent: id 58714337-3b29-4b2d-891f-23850c11b250 net.thucydides.core.steps.events.UpdateCurrentStepTitleEvent@1df5b7d6
22:32:47.699 [ForkJoinPool-2-worker-2] DEBUG io.cucumber.core.plugin.SerenityReporter - SRP:handleTestStepFinished  classpath:features/VisaConfirmation.feature Thread[#33,ForkJoinPool-2-worker-2,5,main] 0ed18109-ddcf-4677-8c06-94cee66054c1 at line 16
22:32:47.699 [ForkJoinPool-2-worker-2] DEBUG io.cucumber.core.plugin.SerenityReporter - Running feature from classpath:features/VisaConfirmation.feature
22:32:47.701 [ForkJoinPool-2-worker-2] DEBUG net.thucydides.core.steps.session.TestSession - SRP:SessionAddEvent: id 0ed18109-ddcf-4677-8c06-94cee66054c1 net.serenitybdd.cucumber.events.StepFinishedWithResultEvent@7c99c017
  &amp#27;[32mThen &amp#27;[0m&amp#27;[32mI will be informed &amp#27;[0m&amp#27;[32m&amp#27;[1m"You may need a visa"&amp#27;[0m    &amp#27;[90m# ho.qat.seo.stepDefinitions.VisaConfirmationSteps.confirm_visa_result(java.lang.String)&amp#27;[0m
22:32:47.703 [ForkJoinPool-2-worker-2] DEBUG io.cucumber.core.plugin.SerenityReporter - SRP:handleTestCaseFinished  classpath:features/VisaConfirmation.feature Thread[#33,ForkJoinPool-2-worker-2,5,main] 0ed18109-ddcf-4677-8c06-94cee66054c1 at line 16
22:32:47.703 [ForkJoinPool-2-worker-2] DEBUG io.cucumber.core.plugin.SerenityReporter - Running feature from classpath:features/VisaConfirmation.feature
22:32:47.705 [ForkJoinPool-2-worker-2] DEBUG net.thucydides.core.steps.session.TestSession - SRP:SessionAddEvent: id 0ed18109-ddcf-4677-8c06-94cee66054c1 net.serenitybdd.cucumber.events.StepFinishedWithResultEvent@40483185
22:32:47.706 [ForkJoinPool-2-worker-2] DEBUG net.thucydides.core.steps.session.TestSession - SRP:SessionAddEvent: id 0ed18109-ddcf-4677-8c06-94cee66054c1 EventBusEvent EXAMPLE_FINISHED_EVENT 
22:32:47.707 [ForkJoinPool-2-worker-2] DEBUG net.thucydides.core.steps.session.TestSession - SRP:SessionAddEvent: id 0ed18109-ddcf-4677-8c06-94cee66054c1 EventBusEvent TEST_FINISHED_EVENT  true scenario Visa checks;check-visa-australia-&-columbian
22:32:47.707 [ForkJoinPool-2-worker-2] DEBUG net.thucydides.core.steps.session.TestSession - SRP:SessionEnd: id 0ed18109-ddcf-4677-8c06-94cee66054c1
22:32:47.873 [ForkJoinPool-2-worker-3] DEBUG io.cucumber.core.plugin.SerenityReporter - SRP:handleTestStepFinished  classpath:features/VisaConfirmation.feature Thread[#34,ForkJoinPool-2-worker-3,5,main] 58714337-3b29-4b2d-891f-23850c11b250 at line 15
22:32:47.873 [ForkJoinPool-2-worker-3] DEBUG io.cucumber.core.plugin.SerenityReporter - Running feature from classpath:features/VisaConfirmation.feature
22:32:47.874 [ForkJoinPool-2-worker-3] DEBUG net.thucydides.core.steps.session.TestSession - SRP:SessionAddEvent: id 58714337-3b29-4b2d-891f-23850c11b250 net.serenitybdd.cucumber.events.StepFinishedWithResultEvent@52befc7f
  &amp#27;[32mThen &amp#27;[0m&amp#27;[32mI will be informed &amp#27;[0m&amp#27;[32m&amp#27;[1m"You will not need a visa to come to the UK"&amp#27;[0m &amp#27;[90m# ho.qat.seo.stepDefinitions.VisaConfirmationSteps.confirm_visa_result(java.lang.String)&amp#27;[0m
22:32:47.874 [ForkJoinPool-2-worker-3] DEBUG io.cucumber.core.plugin.SerenityReporter - SRP:handleTestCaseFinished  classpath:features/VisaConfirmation.feature Thread[#34,ForkJoinPool-2-worker-3,5,main] 58714337-3b29-4b2d-891f-23850c11b250 at line 15
22:32:47.874 [ForkJoinPool-2-worker-3] DEBUG io.cucumber.core.plugin.SerenityReporter - Running feature from classpath:features/VisaConfirmation.feature
22:32:47.875 [ForkJoinPool-2-worker-3] DEBUG net.thucydides.core.steps.session.TestSession - SRP:SessionAddEvent: id 58714337-3b29-4b2d-891f-23850c11b250 net.serenitybdd.cucumber.events.StepFinishedWithResultEvent@5f97a88d
22:32:47.876 [ForkJoinPool-2-worker-3] DEBUG net.thucydides.core.steps.session.TestSession - SRP:SessionAddEvent: id 58714337-3b29-4b2d-891f-23850c11b250 EventBusEvent EXAMPLE_FINISHED_EVENT 
22:32:47.876 [ForkJoinPool-2-worker-3] DEBUG net.thucydides.core.steps.session.TestSession - SRP:SessionAddEvent: id 58714337-3b29-4b2d-891f-23850c11b250 EventBusEvent TEST_FINISHED_EVENT  false scenario Visa checks;check-visa-australia-&-columbian
22:32:47.876 [ForkJoinPool-2-worker-3] DEBUG net.thucydides.core.steps.session.TestSession - SRP:SessionEnd: id 58714337-3b29-4b2d-891f-23850c11b250
]]></system-out>
    <system-err><![CDATA[Nov 29, 2023 10:32:44 PM org.openqa.selenium.devtools.CdpVersionFinder findNearestMatch
WARNING: Unable to find an exact match for CDP version 119, returning the closest version; found: 118; Please update to a Selenium version that supports CDP version 119
Nov 29, 2023 10:32:44 PM org.openqa.selenium.devtools.CdpVersionFinder findNearestMatch
WARNING: Unable to find an exact match for CDP version 119, returning the closest version; found: 118; Please update to a Selenium version that supports CDP version 119
Nov 29, 2023 10:32:44 PM org.openqa.selenium.devtools.CdpVersionFinder findNearestMatch
WARNING: Unable to find an exact match for CDP version 119, returning the closest version; found: 118; Please update to a Selenium version that supports CDP version 119
Nov 29, 2023 10:32:47 PM org.openqa.selenium.os.ExternalProcess$Builder lambda$start$0
WARNING: failed to copy the output of process 36672
java.io.IOException: Stream closed
	at java.base/java.io.BufferedInputStream.ensureOpen(BufferedInputStream.java:206)
	at java.base/java.io.BufferedInputStream.implRead(BufferedInputStream.java:411)
	at java.base/java.io.BufferedInputStream.read(BufferedInputStream.java:405)
	at java.base/java.io.InputStream.transferTo(InputStream.java:796)
	at java.base/java.io.BufferedInputStream.implTransferTo(BufferedInputStream.java:657)
	at java.base/java.io.BufferedInputStream.transferTo(BufferedInputStream.java:637)
	at org.openqa.selenium.os.ExternalProcess$Builder.lambda$start$0(ExternalProcess.java:209)
	at java.base/java.lang.Thread.run(Thread.java:1583)

]]></system-err>
  </testcase>
  <testcase name="Example #1.1" classname="Examples" time="15.794"/>
  <testcase name="A Chilean coming to the UK for Work and plans on staying for longer than 6 months." classname="Visa checks" time="16.329">
    <system-out><![CDATA[22:32:48.311 [ForkJoinPool-2-worker-1] DEBUG io.cucumber.core.plugin.SerenityReporter - SRP:handleTestStepFinished  classpath:features/VisaConfirmation.feature Thread[#27,ForkJoinPool-2-worker-1,5,main] 59284a33-8c27-40d1-9929-423cc32d9779 at line 18
22:32:48.311 [ForkJoinPool-2-worker-1] DEBUG io.cucumber.core.plugin.SerenityReporter - Running feature from classpath:features/VisaConfirmation.feature
22:32:48.313 [ForkJoinPool-2-worker-1] DEBUG net.thucydides.core.steps.session.TestSession - SRP:SessionAddEvent: id 59284a33-8c27-40d1-9929-423cc32d9779 net.serenitybdd.cucumber.events.StepFinishedWithResultEvent@184f9364
  &amp#27;[32mAnd &amp#27;[0m&amp#27;[32mI state I am intending to stay for &amp#27;[0m&amp#27;[32m&amp#27;[1m'less'&amp#27;[0m&amp#27;[32m than 6 months&amp#27;[0m                                                                                       &amp#27;[90m# ho.qat.seo.stepDefinitions.VisaConfirmationSteps.iStateIAmIntendingToStayForMoreThanMonths(java.lang.String)&amp#27;[0m
22:32:48.314 [ForkJoinPool-2-worker-1] DEBUG io.cucumber.core.plugin.SerenityReporter - Running feature from classpath:features/VisaConfirmation.feature
22:32:48.314 [ForkJoinPool-2-worker-1] DEBUG io.cucumber.core.plugin.SerenityReporter - SRP:handleTestStepStarted  classpath:features/VisaConfirmation.feature Thread[#27,ForkJoinPool-2-worker-1,5,main] 59284a33-8c27-40d1-9929-423cc32d9779 at line 18
22:32:48.314 [ForkJoinPool-2-worker-1] DEBUG net.thucydides.core.steps.session.TestSession - SRP:SessionAddEvent: id 59284a33-8c27-40d1-9929-423cc32d9779 EventBusEvent STEP_STARTED_EVENT Then I will be informed 'You do not need a visa for some business and academic activities, but you must get a visa if you plan to work in the UK' Then I will be informed 'You do not need a visa for some business and academic activities, but you must get a visa if you plan to work in the UK'
22:32:48.315 [ForkJoinPool-2-worker-1] DEBUG net.thucydides.core.steps.session.TestSession - SRP:SessionAddEvent: id 59284a33-8c27-40d1-9929-423cc32d9779 net.thucydides.core.steps.events.UpdateCurrentStepTitleEvent@748bd1e7
22:32:48.416 [ForkJoinPool-2-worker-1] DEBUG io.cucumber.core.plugin.SerenityReporter - SRP:handleTestStepFinished  classpath:features/VisaConfirmation.feature Thread[#27,ForkJoinPool-2-worker-1,5,main] 59284a33-8c27-40d1-9929-423cc32d9779 at line 18
22:32:48.416 [ForkJoinPool-2-worker-1] DEBUG io.cucumber.core.plugin.SerenityReporter - Running feature from classpath:features/VisaConfirmation.feature
22:32:48.417 [ForkJoinPool-2-worker-1] DEBUG net.thucydides.core.steps.session.TestSession - SRP:SessionAddEvent: id 59284a33-8c27-40d1-9929-423cc32d9779 net.serenitybdd.cucumber.events.StepFinishedWithResultEvent@109ddea9
  &amp#27;[32mThen &amp#27;[0m&amp#27;[32mI will be informed &amp#27;[0m&amp#27;[32m&amp#27;[1m'You do not need a visa for some business and academic activities, but you must get a visa if you plan to work in the UK'&amp#27;[0m &amp#27;[90m# ho.qat.seo.stepDefinitions.VisaConfirmationSteps.confirm_visa_result(java.lang.String)&amp#27;[0m
22:32:48.417 [ForkJoinPool-2-worker-1] DEBUG io.cucumber.core.plugin.SerenityReporter - SRP:handleTestCaseFinished  classpath:features/VisaConfirmation.feature Thread[#27,ForkJoinPool-2-worker-1,5,main] 59284a33-8c27-40d1-9929-423cc32d9779 at line 18
22:32:48.417 [ForkJoinPool-2-worker-1] DEBUG io.cucumber.core.plugin.SerenityReporter - Running feature from classpath:features/VisaConfirmation.feature
22:32:48.418 [ForkJoinPool-2-worker-1] DEBUG net.thucydides.core.steps.session.TestSession - SRP:SessionAddEvent: id 59284a33-8c27-40d1-9929-423cc32d9779 EventBusEvent TEST_FINISHED_EVENT  false scenario Visa checks;a-chilean-coming-to-the-uk-for-work-and-plans-on-staying-for-longer-than-6-months.
22:32:48.418 [ForkJoinPool-2-worker-1] DEBUG net.thucydides.core.steps.session.TestSession - SRP:SessionEnd: id 59284a33-8c27-40d1-9929-423cc32d9779
]]></system-out>
  </testcase>
</testsuite>